Starting Ising 1D
Finished Ising 1D
ln_g: [
    210459.34734153748,
    210468.00526809692,
    210475.07548713684,
    210481.36497306824,
    210486.9675140381,
    210492.01014518738,
    210496.6451396942,
    210500.92514801025,
    210504.9180316925,
    210508.6049861908,
    210512.05982017517,
    210515.27531814575,
    210518.30410385132,
    210521.10382843018,
    210523.7124595642,
    210526.15853500366,
    210528.4278564453,
    210530.52507972717,
    210532.4644317627,
    210534.24793243408,
    210535.8800945282,
    210537.37696266174,
    210538.74079704285,
    210539.9498500824,
    210541.0234565735,
    210541.97533416748,
    210542.79013061523,
    210543.4781074524,
    210544.0423488617,
    210544.47817993164,
    210544.7848072052,
    210544.97321891785,
    210545.03335380554,
    210544.97068977356,
    210544.7868270874,
    210544.48258399963,
    210544.04968833923,
    210543.4883403778,
    210542.7952861786,
    210541.97701454163,
    210541.02850532532,
    210539.94615364075,
    210538.72876739502,
    210537.37386131287,
    210535.87469100952,
    210534.23530387878,
    210532.44738006592,
    210530.5180492401,
    210528.4300880432,
    210526.16767692566,
    210523.73060035706,
    210521.10683059692,
    210518.3160495758,
    210515.31511878967,
    210512.09628486633,
    210508.60230255127,
    210504.8691329956,
    210500.90772247314,
    210496.57976913452,
    210491.95925331116,
    210486.9330368042,
    210481.35446357727,
    210475.05613136292,
    210467.75382232666,
    210458.98793029785,
]
210546.99666113668
[1.073519512458006, 9.731446071906248, 16.80166511182324, 23.091151043219725, 28.693692013068357, 33.73632316236035, 38.37131766919629, 42.651325985236326, 46.6442096674873, 50.33116416577832, 53.78599815015332, 57.00149612073437, 60.03028182630078, 62.8300064051582, 65.4386375391914, 67.88471297864453, 70.15403442029492, 72.25125770215527, 74.19060973767773, 75.97411040906445, 77.60627250318066, 79.10314063672558, 80.4669750178291, 81.67602805737988, 82.74963454846875, 83.70151214246289, 84.5163085902168, 85.204285427375, 85.76852683667676, 86.20435790662304, 86.51098518018262, 86.6993968928291, 86.75953178052441, 86.69686774854199, 86.51300506238476, 86.20876197461621, 85.77586631421582, 85.21451835279004, 84.52146415357129, 83.7031925166084, 82.7546833002998, 81.67233161572949, 80.45494537000195, 79.10003928784863, 77.6008689845039, 75.9614818537666, 74.17355804090039, 72.24422721509472, 70.15626601819531, 67.8938549006416, 65.45677833203808, 62.83300857190625, 60.042227550788084, 57.04129676465527, 53.82246284131543, 50.32848052625195, 46.59531097058789, 42.63390044812695, 38.305947109503904, 33.68543128613965, 28.65921477918164, 23.080641552252928, 16.78230933789746, 9.480000301642576, 0.7141082728339825]
Total Number of states: 340282366915637660000000000000000000000
(Analitical Number): 	340282366920938500000000000000000000000
Exact DoS comparison; g(E_k)=2(N k), N: 128
 N | k  | E_k  |ln(g(E_k))| anchored |analytical| energy
128 |  0 | E_0  |    1.074 |    0.693 |    0.693 | -128
128 |  2 | E_2  |    9.731 |    9.351 |   10.374 | -124
128 |  4 | E_4  |   16.802 |   16.421 |   18.230 | -120
128 |  6 | E_6  |   23.091 |   22.711 |   24.851 | -116
128 |  8 | E_8  |   28.694 |   28.313 |   30.697 | -112
128 | 10 | E_10 |   33.736 |   33.356 |   35.970 | -108
128 | 12 | E_12 |   38.371 |   37.991 |   40.785 | -104
128 | 14 | E_14 |   42.651 |   42.271 |   45.216 | -100
128 | 16 | E_16 |   46.644 |   46.264 |   49.315 | -96
128 | 18 | E_18 |   50.331 |   49.951 |   53.119 | -92
128 | 20 | E_20 |   53.786 |   53.406 |   56.658 | -88
128 | 22 | E_22 |   57.001 |   56.621 |   59.954 | -84
128 | 24 | E_24 |   60.030 |   59.650 |   63.026 | -80
128 | 26 | E_26 |   62.830 |   62.450 |   65.888 | -76
128 | 28 | E_28 |   65.439 |   65.058 |   68.555 | -72
128 | 30 | E_30 |   67.885 |   67.504 |   71.035 | -68
128 | 32 | E_32 |   70.154 |   69.774 |   73.339 | -64
128 | 34 | E_34 |   72.251 |   71.871 |   75.474 | -60
128 | 36 | E_36 |   74.191 |   73.810 |   77.447 | -56
128 | 38 | E_38 |   75.974 |   75.594 |   79.263 | -52
128 | 40 | E_40 |   77.606 |   77.226 |   80.928 | -48
128 | 42 | E_42 |   79.103 |   78.723 |   82.446 | -44
128 | 44 | E_44 |   80.467 |   80.087 |   83.820 | -40
128 | 46 | E_46 |   81.676 |   81.296 |   85.055 | -36
128 | 48 | E_48 |   82.750 |   82.369 |   86.153 | -32
128 | 50 | E_50 |   83.702 |   83.321 |   87.116 | -28
128 | 52 | E_52 |   84.516 |   84.136 |   87.947 | -24
128 | 54 | E_54 |   85.204 |   84.824 |   88.647 | -20
128 | 56 | E_56 |   85.769 |   85.388 |   89.217 | -16
128 | 58 | E_58 |   86.204 |   85.824 |   89.660 | -12
128 | 60 | E_60 |   86.511 |   86.131 |   89.976 |  -8
128 | 62 | E_62 |   86.699 |   86.319 |   90.165 |  -4
128 | 64 | E_64 |   86.760 |   86.379 |   90.228 |   0
128 | 66 | E_66 |   86.697 |   86.316 |   90.165 |   4
128 | 68 | E_68 |   86.513 |   86.133 |   89.976 |   8
128 | 70 | E_70 |   86.209 |   85.828 |   89.660 |  12
128 | 72 | E_72 |   85.776 |   85.395 |   89.217 |  16
128 | 74 | E_74 |   85.215 |   84.834 |   88.647 |  20
128 | 76 | E_76 |   84.521 |   84.141 |   87.947 |  24
128 | 78 | E_78 |   83.703 |   83.323 |   87.116 |  28
128 | 80 | E_80 |   82.755 |   82.374 |   86.153 |  32
128 | 82 | E_82 |   81.672 |   81.292 |   85.055 |  36
128 | 84 | E_84 |   80.455 |   80.075 |   83.820 |  40
128 | 86 | E_86 |   79.100 |   78.720 |   82.446 |  44
128 | 88 | E_88 |   77.601 |   77.220 |   80.928 |  48
128 | 90 | E_90 |   75.961 |   75.581 |   79.263 |  52
128 | 92 | E_92 |   74.174 |   73.793 |   77.447 |  56
128 | 94 | E_94 |   72.244 |   71.864 |   75.474 |  60
128 | 96 | E_96 |   70.156 |   69.776 |   73.339 |  64
128 | 98 | E_98 |   67.894 |   67.513 |   71.035 |  68
128 | 100 | E_100 |   65.457 |   65.076 |   68.555 |  72
128 | 102 | E_102 |   62.833 |   62.453 |   65.888 |  76
128 | 104 | E_104 |   60.042 |   59.662 |   63.026 |  80
128 | 106 | E_106 |   57.041 |   56.661 |   59.954 |  84
128 | 108 | E_108 |   53.822 |   53.442 |   56.658 |  88
128 | 110 | E_110 |   50.328 |   49.948 |   53.119 |  92
128 | 112 | E_112 |   46.595 |   46.215 |   49.315 |  96
128 | 114 | E_114 |   42.634 |   42.254 |   45.216 | 100
128 | 116 | E_116 |   38.306 |   37.926 |   40.785 | 104
128 | 118 | E_118 |   33.685 |   33.305 |   35.970 | 108
128 | 120 | E_120 |   28.659 |   28.279 |   30.697 | 112
128 | 122 | E_122 |   23.081 |   22.700 |   24.851 | 116
128 | 124 | E_124 |   16.782 |   16.402 |   18.230 | 120
128 | 126 | E_126 |    9.480 |    9.100 |   10.374 | 124
128 | 128 | E_128 |    0.714 |    0.334 |    0.693 | 128
Errores:
normalized:   719.5997
anchored:     569.8184
